<?xml version="1.0" encoding="UTF-8"?>
<!-- Generated by org.testng.reporters.JUnitReportReporter -->
<testsuite hostname="MH30031711" name="jenkins.jenkins1.AppTest" tests="1" failures="0" timestamp="1 Mar 2018 13:56:28 GMT" time="7.814" errors="0">
  <testcase name="f" time="7.814" classname="jenkins.jenkins1.AppTest"/>
</testsuite> <!-- jenkins.jenkins1.AppTest -->
